\BOOKMARK [1][-]{section.1}{Algorithms}{}% 1
\BOOKMARK [2][-]{subsection.1.1}{Binary\040Search}{section.1}% 2
\BOOKMARK [2][-]{subsection.1.2}{Held\040Karp}{section.1}% 3
\BOOKMARK [2][-]{subsection.1.3}{LongestIncreasingSubsequence}{section.1}% 4
\BOOKMARK [2][-]{subsection.1.4}{LongestIncreasingSubsequence}{section.1}% 5
\BOOKMARK [2][-]{subsection.1.5}{NextPermutation}{section.1}% 6
\BOOKMARK [1][-]{section.2}{Graphs}{}% 7
\BOOKMARK [2][-]{subsection.2.1}{BellmanFord}{section.2}% 8
\BOOKMARK [2][-]{subsection.2.2}{BipartiteGraphCheck}{section.2}% 9
\BOOKMARK [2][-]{subsection.2.3}{Dijkstra}{section.2}% 10
\BOOKMARK [2][-]{subsection.2.4}{EdmondsKarp}{section.2}% 11
\BOOKMARK [2][-]{subsection.2.5}{FenwickTree}{section.2}% 12
\BOOKMARK [2][-]{subsection.2.6}{FloydWarshall}{section.2}% 13
\BOOKMARK [2][-]{subsection.2.7}{BFS\040AdjMtrx\040Iterativ}{section.2}% 14
\BOOKMARK [2][-]{subsection.2.8}{Topologische\040Sortierung}{section.2}% 15
\BOOKMARK [1][-]{section.3}{Math}{}% 16
\BOOKMARK [2][-]{subsection.3.1}{GrahamScan\040}{section.3}% 17
\BOOKMARK [1][-]{section.4}{Java\040Knowhow}{}% 18
\BOOKMARK [2][-]{subsection.4.1}{System.out.printf\(\)\040und\040String.format\(\)}{section.4}% 19
\BOOKMARK [2][-]{subsection.4.2}{Speed\040up\040IO}{section.4}% 20
